  compilation object save succeeded; see C:\Users\ryose\Desktop\GitHubClone\FrauEngine\FrauEngine\x64\Debug\PixelShader_BillBoard.cso
  compilation object save succeeded; see C:\Users\ryose\Desktop\GitHubClone\FrauEngine\FrauEngine\x64\Debug\PixelShader_Texture.cso
C:\Users\ryose\Desktop\GitHubClone\FrauEngine\FrauEngine\FrauEngine\Data\Shader\PixelShader_Toon.hlsl(111,11-31): warning X3206: implicit truncation of vector type
C:\Users\ryose\Desktop\GitHubClone\FrauEngine\FrauEngine\FrauEngine\Data\Shader\PixelShader_Toon.hlsl(129,11-33): warning X3206: implicit truncation of vector type
C:\Users\ryose\Desktop\GitHubClone\FrauEngine\FrauEngine\FrauEngine\Data\Shader\PixelShader_Toon.hlsl(134,11-56): warning X3206: implicit truncation of vector type
C:\Users\ryose\Desktop\GitHubClone\FrauEngine\FrauEngine\FrauEngine\Data\Shader\PixelShader_Toon.hlsl(135,31-82): warning X3206: 'CalcDiffuseFromFresnel': implicit truncation of vector type
C:\Users\ryose\Desktop\GitHubClone\FrauEngine\FrauEngine\FrauEngine\Data\Shader\PixelShader_Toon.hlsl(136,27-52): warning X3206: 'dot': implicit truncation of vector type
C:\Users\ryose\Desktop\GitHubClone\FrauEngine\FrauEngine\FrauEngine\Data\Shader\PixelShader_Toon.hlsl(137,11-51): warning X3206: implicit truncation of vector type
  compilation object save succeeded; see C:\Users\ryose\Desktop\GitHubClone\FrauEngine\FrauEngine\x64\Debug\PixelShader_Toon.cso
C:\Users\ryose\Desktop\GitHubClone\FrauEngine\FrauEngine\FrauEngine\Data\Shader\PixelShader_Toon.hlsl(142,17-77): warning X3206: 'CookTorranceSpecular': implicit truncation of vector type
C:\Users\ryose\Desktop\GitHubClone\FrauEngine\FrauEngine\FrauEngine\Data\Shader\PixelShader_Toon.hlsl(142,10-91): warning X3206: implicit truncation of vector type
C:\Users\ryose\Desktop\GitHubClone\FrauEngine\FrauEngine\FrauEngine\Data\Shader\PixelShader_Toon.hlsl(143,4-63): warning X3206: implicit truncation of vector type
C:\Users\ryose\Desktop\GitHubClone\FrauEngine\FrauEngine\FrauEngine\Data\Shader\PixelShader_Toon.hlsl(151,22-111): warning X3206: 'PointLight': implicit truncation of vector type
C:\Users\ryose\Desktop\GitHubClone\FrauEngine\FrauEngine\FrauEngine\Data\Shader\PixelShader_Toon.hlsl(151,22-111): warning X3206: 'PointLight': implicit truncation of vector type
C:\Users\ryose\Desktop\GitHubClone\FrauEngine\FrauEngine\FrauEngine\Data\Shader\PixelShader_Toon.hlsl(154,13): warning X3078: 'i': loop control variable conflicts with a previous declaration in the outer scope; most recent declaration will be used
C:\Users\ryose\Desktop\GitHubClone\FrauEngine\FrauEngine\FrauEngine\Data\Shader\PixelShader_Toon.hlsl(156,26-159): warning X3206: 'SpotLight': implicit truncation of vector type
C:\Users\ryose\Desktop\GitHubClone\FrauEngine\FrauEngine\FrauEngine\Data\Shader\PixelShader_Toon.hlsl(156,26-159): warning X3206: 'SpotLight': implicit truncation of vector type
C:\Users\ryose\Desktop\GitHubClone\FrauEngine\FrauEngine\FrauEngine\Data\Shader\PixelShader_Toon.hlsl(156,26-159): warning X3206: 'SpotLight': implicit truncation of vector type
C:\Users\ryose\Desktop\GitHubClone\FrauEngine\FrauEngine\FrauEngine\Data\Shader\PixelShader_Toon.hlsl(162,4-21): warning X3206: implicit truncation of vector type
C:\Users\ryose\Desktop\GitHubClone\FrauEngine\FrauEngine\FrauEngine\Data\Shader\PixelShader_Toon.hlsl(186,8-33): warning X3206: implicit truncation of vector type
  
C:\Users\ryose\Desktop\GitHubClone\FrauEngine\FrauEngine\FrauEngine\Data\Shader\PixelShader_Water.hlsl(6,15-22): warning X3556: integer modulus may be much slower, try using uints if possible.
  
  compilation object save succeeded; see C:\Users\ryose\Desktop\GitHubClone\FrauEngine\FrauEngine\x64\Debug\PixelShader_Water.cso
  compilation object save succeeded; see C:\Users\ryose\Desktop\GitHubClone\FrauEngine\FrauEngine\x64\Debug\VertexShader_BillBoard.cso
  imgui.cpp
  imgui_demo.cpp
  imgui_draw.cpp
  imgui_impl_dx12.cpp
  imgui_impl_win32.cpp
  imgui_tables.cpp
  imgui_widgets.cpp
  Application.cpp
  Camera.cpp
  CameraObject.cpp
  CameraWork.cpp
  ConstantBuffer.cpp
  DXTK.cpp
  EffectObject.cpp
  EffekseerDX12.cpp
  EndrollScene.cpp
  EventManager.cpp
  Fade.cpp
  FBX.cpp
C:\Users\ryose\Desktop\GitHubClone\FrauEngine\FrauEngine\FrauEngine\Src\Utility.h(94,24): warning C4244: '引数': 'float' から 'int' への変換です。データが失われる可能性があります。 (ソース ファイルをコンパイルしています Src\CameraWork.cpp)
C:\Users\ryose\Desktop\GitHubClone\FrauEngine\FrauEngine\FrauEngine\Src\Utility.h(97,28): warning C4244: '引数': 'float' から 'int' への変換です。データが失われる可能性があります。 (ソース ファイルをコンパイルしています Src\CameraWork.cpp)
C:\Users\ryose\Desktop\GitHubClone\FrauEngine\FrauEngine\FrauEngine\Src\Utility.h(100,27): warning C4244: '引数': 'float' から 'int' への変換です。データが失われる可能性があります。 (ソース ファイルをコンパイルしています Src\CameraWork.cpp)
C:\Users\ryose\Desktop\GitHubClone\FrauEngine\FrauEngine\FrauEngine\Src\Utility.h(94,24): warning C4244: '引数': 'float' から 'int' への変換です。データが失われる可能性があります。 (ソース ファイルをコンパイルしています Src\ConstantBuffer.cpp)
C:\Users\ryose\Desktop\GitHubClone\FrauEngine\FrauEngine\FrauEngine\Src\Utility.h(97,28): warning C4244: '引数': 'float' から 'int' への変換です。データが失われる可能性があります。 (ソース ファイルをコンパイルしています Src\ConstantBuffer.cpp)
C:\Users\ryose\Desktop\GitHubClone\FrauEngine\FrauEngine\FrauEngine\Src\Utility.h(100,27): warning C4244: '引数': 'float' から 'int' への変換です。データが失われる可能性があります。 (ソース ファイルをコンパイルしています Src\ConstantBuffer.cpp)
C:\Users\ryose\Desktop\GitHubClone\FrauEngine\FrauEngine\FrauEngine\Src\input.h(85,24): warning C4244: '=': 'long' から 'float' への変換です。データが失われる可能性があります。 (ソース ファイルをコンパイルしています Src\CameraWork.cpp)
C:\Users\ryose\Desktop\GitHubClone\FrauEngine\FrauEngine\FrauEngine\Src\input.h(86,24): warning C4244: '=': 'long' から 'float' への変換です。データが失われる可能性があります。 (ソース ファイルをコンパイルしています Src\CameraWork.cpp)
C:\Users\ryose\Desktop\GitHubClone\FrauEngine\FrauEngine\FrauEngine\Src\input.h(87,24): warning C4244: '=': 'long' から 'float' への変換です。データが失われる可能性があります。 (ソース ファイルをコンパイルしています Src\CameraWork.cpp)
C:\Users\ryose\Desktop\GitHubClone\FrauEngine\FrauEngine\FrauEngine\Src\input.h(89,16): warning C4244: '=': 'long' から 'float' への変換です。データが失われる可能性があります。 (ソース ファイルをコンパイルしています Src\CameraWork.cpp)
C:\Users\ryose\Desktop\GitHubClone\FrauEngine\FrauEngine\FrauEngine\Src\input.h(90,16): warning C4244: '=': 'long' から 'float' への変換です。データが失われる可能性があります。 (ソース ファイルをコンパイルしています Src\CameraWork.cpp)
C:\Users\ryose\Desktop\GitHubClone\FrauEngine\FrauEngine\FrauEngine\Src\input.h(85,24): warning C4244: '=': 'long' から 'float' への変換です。データが失われる可能性があります。 (ソース ファイルをコンパイルしています Src\ConstantBuffer.cpp)
C:\Users\ryose\Desktop\GitHubClone\FrauEngine\FrauEngine\FrauEngine\Src\input.h(86,24): warning C4244: '=': 'long' から 'float' への変換です。データが失われる可能性があります。 (ソース ファイルをコンパイルしています Src\ConstantBuffer.cpp)
C:\Users\ryose\Desktop\GitHubClone\FrauEngine\FrauEngine\FrauEngine\Src\input.h(87,24): warning C4244: '=': 'long' から 'float' への変換です。データが失われる可能性があります。 (ソース ファイルをコンパイルしています Src\ConstantBuffer.cpp)
C:\Users\ryose\Desktop\GitHubClone\FrauEngine\FrauEngine\FrauEngine\Src\input.h(89,16): warning C4244: '=': 'long' から 'float' への変換です。データが失われる可能性があります。 (ソース ファイルをコンパイルしています Src\ConstantBuffer.cpp)
C:\Users\ryose\Desktop\GitHubClone\FrauEngine\FrauEngine\FrauEngine\Src\input.h(90,16): warning C4244: '=': 'long' から 'float' への変換です。データが失われる可能性があります。 (ソース ファイルをコンパイルしています Src\ConstantBuffer.cpp)
C:\Users\ryose\Desktop\GitHubClone\FrauEngine\FrauEngine\FrauEngine\Src\Utility.h(94,24): warning C4244: '引数': 'float' から 'int' への変換です。データが失われる可能性があります。 (ソース ファイルをコンパイルしています Src\CameraObject.cpp)
C:\Users\ryose\Desktop\GitHubClone\FrauEngine\FrauEngine\FrauEngine\Src\Utility.h(97,28): warning C4244: '引数': 'float' から 'int' への変換です。データが失われる可能性があります。 (ソース ファイルをコンパイルしています Src\CameraObject.cpp)
C:\Users\ryose\Desktop\GitHubClone\FrauEngine\FrauEngine\FrauEngine\Src\Utility.h(100,27): warning C4244: '引数': 'float' から 'int' への変換です。データが失われる可能性があります。 (ソース ファイルをコンパイルしています Src\CameraObject.cpp)
C:\Users\ryose\Desktop\GitHubClone\FrauEngine\FrauEngine\FrauEngine\Src\input.h(85,24): warning C4244: '=': 'long' から 'float' への変換です。データが失われる可能性があります。 (ソース ファイルをコンパイルしています Src\CameraObject.cpp)
C:\Users\ryose\Desktop\GitHubClone\FrauEngine\FrauEngine\FrauEngine\Src\input.h(86,24): warning C4244: '=': 'long' から 'float' への変換です。データが失われる可能性があります。 (ソース ファイルをコンパイルしています Src\CameraObject.cpp)
C:\Users\ryose\Desktop\GitHubClone\FrauEngine\FrauEngine\FrauEngine\Src\input.h(87,24): warning C4244: '=': 'long' から 'float' への変換です。データが失われる可能性があります。 (ソース ファイルをコンパイルしています Src\CameraObject.cpp)
C:\Users\ryose\Desktop\GitHubClone\FrauEngine\FrauEngine\FrauEngine\Src\input.h(89,16): warning C4244: '=': 'long' から 'float' への変換です。データが失われる可能性があります。 (ソース ファイルをコンパイルしています Src\CameraObject.cpp)
C:\Users\ryose\Desktop\GitHubClone\FrauEngine\FrauEngine\FrauEngine\Src\input.h(90,16): warning C4244: '=': 'long' から 'float' への変換です。データが失われる可能性があります。 (ソース ファイルをコンパイルしています Src\CameraObject.cpp)
C:\Users\ryose\Desktop\GitHubClone\FrauEngine\FrauEngine\FrauEngine\Src\Utility.h(94,24): warning C4244: '引数': 'float' から 'int' への変換です。データが失われる可能性があります。 (ソース ファイルをコンパイルしています Src\Camera.cpp)
C:\Users\ryose\Desktop\GitHubClone\FrauEngine\FrauEngine\FrauEngine\Src\Utility.h(97,28): warning C4244: '引数': 'float' から 'int' への変換です。データが失われる可能性があります。 (ソース ファイルをコンパイルしています Src\Camera.cpp)
C:\Users\ryose\Desktop\GitHubClone\FrauEngine\FrauEngine\FrauEngine\Src\Utility.h(100,27): warning C4244: '引数': 'float' から 'int' への変換です。データが失われる可能性があります。 (ソース ファイルをコンパイルしています Src\Camera.cpp)
C:\Users\ryose\Desktop\GitHubClone\FrauEngine\FrauEngine\FrauEngine\Src\input.h(85,24): warning C4244: '=': 'long' から 'float' への変換です。データが失われる可能性があります。 (ソース ファイルをコンパイルしています Src\Camera.cpp)
C:\Users\ryose\Desktop\GitHubClone\FrauEngine\FrauEngine\FrauEngine\Src\input.h(86,24): warning C4244: '=': 'long' から 'float' への変換です。データが失われる可能性があります。 (ソース ファイルをコンパイルしています Src\Camera.cpp)
C:\Users\ryose\Desktop\GitHubClone\FrauEngine\FrauEngine\FrauEngine\Src\input.h(87,24): warning C4244: '=': 'long' から 'float' への変換です。データが失われる可能性があります。 (ソース ファイルをコンパイルしています Src\Camera.cpp)
C:\Users\ryose\Desktop\GitHubClone\FrauEngine\FrauEngine\FrauEngine\Src\input.h(89,16): warning C4244: '=': 'long' から 'float' への変換です。データが失われる可能性があります。 (ソース ファイルをコンパイルしています Src\Camera.cpp)
C:\Users\ryose\Desktop\GitHubClone\FrauEngine\FrauEngine\FrauEngine\Src\input.h(90,16): warning C4244: '=': 'long' から 'float' への変換です。データが失われる可能性があります。 (ソース ファイルをコンパイルしています Src\Camera.cpp)
C:\Users\ryose\Desktop\GitHubClone\FrauEngine\FrauEngine\FrauEngine\Src\Utility.h(94,24): warning C4244: '引数': 'float' から 'int' への変換です。データが失われる可能性があります。 (ソース ファイルをコンパイルしています Src\Application.cpp)
C:\Users\ryose\Desktop\GitHubClone\FrauEngine\FrauEngine\FrauEngine\Src\Utility.h(97,28): warning C4244: '引数': 'float' から 'int' への変換です。データが失われる可能性があります。 (ソース ファイルをコンパイルしています Src\Application.cpp)
C:\Users\ryose\Desktop\GitHubClone\FrauEngine\FrauEngine\FrauEngine\Src\Utility.h(100,27): warning C4244: '引数': 'float' から 'int' への変換です。データが失われる可能性があります。 (ソース ファイルをコンパイルしています Src\Application.cpp)
C:\Users\ryose\Desktop\GitHubClone\FrauEngine\FrauEngine\FrauEngine\Src\input.h(85,24): warning C4244: '=': 'long' から 'float' への変換です。データが失われる可能性があります。 (ソース ファイルをコンパイルしています Src\Application.cpp)
C:\Users\ryose\Desktop\GitHubClone\FrauEngine\FrauEngine\FrauEngine\Src\input.h(86,24): warning C4244: '=': 'long' から 'float' への変換です。データが失われる可能性があります。 (ソース ファイルをコンパイルしています Src\Application.cpp)
C:\Users\ryose\Desktop\GitHubClone\FrauEngine\FrauEngine\FrauEngine\Src\input.h(87,24): warning C4244: '=': 'long' から 'float' への変換です。データが失われる可能性があります。 (ソース ファイルをコンパイルしています Src\Application.cpp)
C:\Users\ryose\Desktop\GitHubClone\FrauEngine\FrauEngine\FrauEngine\Src\input.h(89,16): warning C4244: '=': 'long' から 'float' への変換です。データが失われる可能性があります。 (ソース ファイルをコンパイルしています Src\Application.cpp)
C:\Users\ryose\Desktop\GitHubClone\FrauEngine\FrauEngine\FrauEngine\Src\input.h(90,16): warning C4244: '=': 'long' から 'float' への変換です。データが失われる可能性があります。 (ソース ファイルをコンパイルしています Src\Application.cpp)
C:\Users\ryose\Desktop\GitHubClone\FrauEngine\FrauEngine\FrauEngine\Src\Utility.h(94,24): warning C4244: '引数': 'float' から 'int' への変換です。データが失われる可能性があります。 (ソース ファイルをコンパイルしています Src\EffekseerDX12.cpp)
C:\Users\ryose\Desktop\GitHubClone\FrauEngine\FrauEngine\FrauEngine\Src\Utility.h(97,28): warning C4244: '引数': 'float' から 'int' への変換です。データが失われる可能性があります。 (ソース ファイルをコンパイルしています Src\EffekseerDX12.cpp)
C:\Users\ryose\Desktop\GitHubClone\FrauEngine\FrauEngine\FrauEngine\Src\Utility.h(100,27): warning C4244: '引数': 'float' から 'int' への変換です。データが失われる可能性があります。 (ソース ファイルをコンパイルしています Src\EffekseerDX12.cpp)
C:\Users\ryose\Desktop\GitHubClone\FrauEngine\FrauEngine\FrauEngine\Src\input.h(85,24): warning C4244: '=': 'long' から 'float' への変換です。データが失われる可能性があります。 (ソース ファイルをコンパイルしています Src\EffekseerDX12.cpp)
C:\Users\ryose\Desktop\GitHubClone\FrauEngine\FrauEngine\FrauEngine\Src\input.h(86,24): warning C4244: '=': 'long' から 'float' への変換です。データが失われる可能性があります。 (ソース ファイルをコンパイルしています Src\EffekseerDX12.cpp)
C:\Users\ryose\Desktop\GitHubClone\FrauEngine\FrauEngine\FrauEngine\Src\input.h(87,24): warning C4244: '=': 'long' から 'float' への変換です。データが失われる可能性があります。 (ソース ファイルをコンパイルしています Src\EffekseerDX12.cpp)
C:\Users\ryose\Desktop\GitHubClone\FrauEngine\FrauEngine\FrauEngine\Src\input.h(89,16): warning C4244: '=': 'long' から 'float' への変換です。データが失われる可能性があります。 (ソース ファイルをコンパイルしています Src\EffekseerDX12.cpp)
C:\Users\ryose\Desktop\GitHubClone\FrauEngine\FrauEngine\FrauEngine\Src\input.h(90,16): warning C4244: '=': 'long' から 'float' への変換です。データが失われる可能性があります。 (ソース ファイルをコンパイルしています Src\EffekseerDX12.cpp)
C:\Users\ryose\Desktop\GitHubClone\FrauEngine\FrauEngine\FrauEngine\Src\Utility.h(94,24): warning C4244: '引数': 'float' から 'int' への変換です。データが失われる可能性があります。 (ソース ファイルをコンパイルしています Src\DXTK.cpp)
C:\Users\ryose\Desktop\GitHubClone\FrauEngine\FrauEngine\FrauEngine\Src\Utility.h(97,28): warning C4244: '引数': 'float' から 'int' への変換です。データが失われる可能性があります。 (ソース ファイルをコンパイルしています Src\DXTK.cpp)
C:\Users\ryose\Desktop\GitHubClone\FrauEngine\FrauEngine\FrauEngine\Src\Utility.h(100,27): warning C4244: '引数': 'float' から 'int' への変換です。データが失われる可能性があります。 (ソース ファイルをコンパイルしています Src\DXTK.cpp)
C:\Users\ryose\Desktop\GitHubClone\FrauEngine\FrauEngine\FrauEngine\Src\Utility.h(94,24): warning C4244: '引数': 'float' から 'int' への変換です。データが失われる可能性があります。 (ソース ファイルをコンパイルしています Src\EventManager.cpp)
C:\Users\ryose\Desktop\GitHubClone\FrauEngine\FrauEngine\FrauEngine\Src\Utility.h(97,28): warning C4244: '引数': 'float' から 'int' への変換です。データが失われる可能性があります。 (ソース ファイルをコンパイルしています Src\EventManager.cpp)
C:\Users\ryose\Desktop\GitHubClone\FrauEngine\FrauEngine\FrauEngine\Src\Utility.h(100,27): warning C4244: '引数': 'float' から 'int' への変換です。データが失われる可能性があります。 (ソース ファイルをコンパイルしています Src\EventManager.cpp)
C:\Users\ryose\Desktop\GitHubClone\FrauEngine\FrauEngine\FrauEngine\Src\Utility.h(94,24): warning C4244: '引数': 'float' から 'int' への変換です。データが失われる可能性があります。 (ソース ファイルをコンパイルしています Src\EffectObject.cpp)
C:\Users\ryose\Desktop\GitHubClone\FrauEngine\FrauEngine\FrauEngine\Src\Utility.h(97,28): warning C4244: '引数': 'float' から 'int' への変換です。データが失われる可能性があります。 (ソース ファイルをコンパイルしています Src\EffectObject.cpp)
C:\Users\ryose\Desktop\GitHubClone\FrauEngine\FrauEngine\FrauEngine\Src\Utility.h(100,27): warning C4244: '引数': 'float' から 'int' への変換です。データが失われる可能性があります。 (ソース ファイルをコンパイルしています Src\EffectObject.cpp)
C:\Users\ryose\Desktop\GitHubClone\FrauEngine\FrauEngine\FrauEngine\Src\input.h(85,24): warning C4244: '=': 'long' から 'float' への変換です。データが失われる可能性があります。 (ソース ファイルをコンパイルしています Src\DXTK.cpp)
C:\Users\ryose\Desktop\GitHubClone\FrauEngine\FrauEngine\FrauEngine\Src\input.h(86,24): warning C4244: '=': 'long' から 'float' への変換です。データが失われる可能性があります。 (ソース ファイルをコンパイルしています Src\DXTK.cpp)
C:\Users\ryose\Desktop\GitHubClone\FrauEngine\FrauEngine\FrauEngine\Src\input.h(87,24): warning C4244: '=': 'long' から 'float' への変換です。データが失われる可能性があります。 (ソース ファイルをコンパイルしています Src\DXTK.cpp)
C:\Users\ryose\Desktop\GitHubClone\FrauEngine\FrauEngine\FrauEngine\Src\input.h(89,16): warning C4244: '=': 'long' から 'float' への変換です。データが失われる可能性があります。 (ソース ファイルをコンパイルしています Src\DXTK.cpp)
C:\Users\ryose\Desktop\GitHubClone\FrauEngine\FrauEngine\FrauEngine\Src\input.h(90,16): warning C4244: '=': 'long' から 'float' への変換です。データが失われる可能性があります。 (ソース ファイルをコンパイルしています Src\DXTK.cpp)
C:\Users\ryose\Desktop\GitHubClone\FrauEngine\FrauEngine\FrauEngine\Src\input.h(85,24): warning C4244: '=': 'long' から 'float' への変換です。データが失われる可能性があります。 (ソース ファイルをコンパイルしています Src\EventManager.cpp)
C:\Users\ryose\Desktop\GitHubClone\FrauEngine\FrauEngine\FrauEngine\Src\input.h(86,24): warning C4244: '=': 'long' から 'float' への変換です。データが失われる可能性があります。 (ソース ファイルをコンパイルしています Src\EventManager.cpp)
C:\Users\ryose\Desktop\GitHubClone\FrauEngine\FrauEngine\FrauEngine\Src\input.h(87,24): warning C4244: '=': 'long' から 'float' への変換です。データが失われる可能性があります。 (ソース ファイルをコンパイルしています Src\EventManager.cpp)
C:\Users\ryose\Desktop\GitHubClone\FrauEngine\FrauEngine\FrauEngine\Src\input.h(89,16): warning C4244: '=': 'long' から 'float' への変換です。データが失われる可能性があります。 (ソース ファイルをコンパイルしています Src\EventManager.cpp)
C:\Users\ryose\Desktop\GitHubClone\FrauEngine\FrauEngine\FrauEngine\Src\input.h(90,16): warning C4244: '=': 'long' から 'float' への変換です。データが失われる可能性があります。 (ソース ファイルをコンパイルしています Src\EventManager.cpp)
C:\Users\ryose\Desktop\GitHubClone\FrauEngine\FrauEngine\FrauEngine\Src\input.h(85,24): warning C4244: '=': 'long' から 'float' への変換です。データが失われる可能性があります。 (ソース ファイルをコンパイルしています Src\EffectObject.cpp)
C:\Users\ryose\Desktop\GitHubClone\FrauEngine\FrauEngine\FrauEngine\Src\input.h(86,24): warning C4244: '=': 'long' から 'float' への変換です。データが失われる可能性があります。 (ソース ファイルをコンパイルしています Src\EffectObject.cpp)
C:\Users\ryose\Desktop\GitHubClone\FrauEngine\FrauEngine\FrauEngine\Src\input.h(87,24): warning C4244: '=': 'long' から 'float' への変換です。データが失われる可能性があります。 (ソース ファイルをコンパイルしています Src\EffectObject.cpp)
C:\Users\ryose\Desktop\GitHubClone\FrauEngine\FrauEngine\FrauEngine\Src\input.h(89,16): warning C4244: '=': 'long' から 'float' への変換です。データが失われる可能性があります。 (ソース ファイルをコンパイルしています Src\EffectObject.cpp)
C:\Users\ryose\Desktop\GitHubClone\FrauEngine\FrauEngine\FrauEngine\Src\input.h(90,16): warning C4244: '=': 'long' から 'float' への変換です。データが失われる可能性があります。 (ソース ファイルをコンパイルしています Src\EffectObject.cpp)
C:\Users\ryose\Desktop\GitHubClone\FrauEngine\FrauEngine\FrauEngine\Src\Utility.h(94,24): warning C4244: '引数': 'float' から 'int' への変換です。データが失われる可能性があります。 (ソース ファイルをコンパイルしています Src\EndrollScene.cpp)
C:\Users\ryose\Desktop\GitHubClone\FrauEngine\FrauEngine\FrauEngine\Src\Utility.h(97,28): warning C4244: '引数': 'float' から 'int' への変換です。データが失われる可能性があります。 (ソース ファイルをコンパイルしています Src\EndrollScene.cpp)
C:\Users\ryose\Desktop\GitHubClone\FrauEngine\FrauEngine\FrauEngine\Src\Utility.h(100,27): warning C4244: '引数': 'float' から 'int' への変換です。データが失われる可能性があります。 (ソース ファイルをコンパイルしています Src\EndrollScene.cpp)
C:\Users\ryose\Desktop\GitHubClone\FrauEngine\FrauEngine\FrauEngine\Src\input.h(85,24): warning C4244: '=': 'long' から 'float' への変換です。データが失われる可能性があります。 (ソース ファイルをコンパイルしています Src\EndrollScene.cpp)
C:\Users\ryose\Desktop\GitHubClone\FrauEngine\FrauEngine\FrauEngine\Src\input.h(86,24): warning C4244: '=': 'long' から 'float' への変換です。データが失われる可能性があります。 (ソース ファイルをコンパイルしています Src\EndrollScene.cpp)
C:\Users\ryose\Desktop\GitHubClone\FrauEngine\FrauEngine\FrauEngine\Src\input.h(87,24): warning C4244: '=': 'long' から 'float' への変換です。データが失われる可能性があります。 (ソース ファイルをコンパイルしています Src\EndrollScene.cpp)
C:\Users\ryose\Desktop\GitHubClone\FrauEngine\FrauEngine\FrauEngine\Src\input.h(89,16): warning C4244: '=': 'long' から 'float' への変換です。データが失われる可能性があります。 (ソース ファイルをコンパイルしています Src\EndrollScene.cpp)
C:\Users\ryose\Desktop\GitHubClone\FrauEngine\FrauEngine\FrauEngine\Src\input.h(90,16): warning C4244: '=': 'long' から 'float' への変換です。データが失われる可能性があります。 (ソース ファイルをコンパイルしています Src\EndrollScene.cpp)
C:\Users\ryose\Desktop\GitHubClone\FrauEngine\FrauEngine\FrauEngine\Src\Utility.h(94,24): warning C4244: '引数': 'float' から 'int' への変換です。データが失われる可能性があります。 (ソース ファイルをコンパイルしています Src\Fade.cpp)
C:\Users\ryose\Desktop\GitHubClone\FrauEngine\FrauEngine\FrauEngine\Src\Utility.h(97,28): warning C4244: '引数': 'float' から 'int' への変換です。データが失われる可能性があります。 (ソース ファイルをコンパイルしています Src\Fade.cpp)
C:\Users\ryose\Desktop\GitHubClone\FrauEngine\FrauEngine\FrauEngine\Src\Utility.h(100,27): warning C4244: '引数': 'float' から 'int' への変換です。データが失われる可能性があります。 (ソース ファイルをコンパイルしています Src\Fade.cpp)
C:\Users\ryose\Desktop\GitHubClone\FrauEngine\FrauEngine\FrauEngine\Src\input.h(85,24): warning C4244: '=': 'long' から 'float' への変換です。データが失われる可能性があります。 (ソース ファイルをコンパイルしています Src\Fade.cpp)
C:\Users\ryose\Desktop\GitHubClone\FrauEngine\FrauEngine\FrauEngine\Src\input.h(86,24): warning C4244: '=': 'long' から 'float' への変換です。データが失われる可能性があります。 (ソース ファイルをコンパイルしています Src\Fade.cpp)
C:\Users\ryose\Desktop\GitHubClone\FrauEngine\FrauEngine\FrauEngine\Src\input.h(87,24): warning C4244: '=': 'long' から 'float' への変換です。データが失われる可能性があります。 (ソース ファイルをコンパイルしています Src\Fade.cpp)
C:\Users\ryose\Desktop\GitHubClone\FrauEngine\FrauEngine\FrauEngine\Src\input.h(89,16): warning C4244: '=': 'long' から 'float' への変換です。データが失われる可能性があります。 (ソース ファイルをコンパイルしています Src\Fade.cpp)
C:\Users\ryose\Desktop\GitHubClone\FrauEngine\FrauEngine\FrauEngine\Src\input.h(90,16): warning C4244: '=': 'long' から 'float' への変換です。データが失われる可能性があります。 (ソース ファイルをコンパイルしています Src\Fade.cpp)
C:\Users\ryose\Desktop\GitHubClone\FrauEngine\FrauEngine\FrauEngine\Src\FBX.h(117,20): warning C4267: 'return': 'size_t' から 'int' に変換しました。データが失われているかもしれません。 (ソース ファイルをコンパイルしています Src\CameraWork.cpp)
C:\Users\ryose\Desktop\GitHubClone\FrauEngine\FrauEngine\FrauEngine\Src\Utility.h(94,24): warning C4244: '引数': 'float' から 'int' への変換です。データが失われる可能性があります。 (ソース ファイルをコンパイルしています Src\FBX.cpp)
C:\Users\ryose\Desktop\GitHubClone\FrauEngine\FrauEngine\FrauEngine\Src\Utility.h(97,28): warning C4244: '引数': 'float' から 'int' への変換です。データが失われる可能性があります。 (ソース ファイルをコンパイルしています Src\FBX.cpp)
C:\Users\ryose\Desktop\GitHubClone\FrauEngine\FrauEngine\FrauEngine\Src\Utility.h(100,27): warning C4244: '引数': 'float' から 'int' への変換です。データが失われる可能性があります。 (ソース ファイルをコンパイルしています Src\FBX.cpp)
C:\Users\ryose\Desktop\GitHubClone\FrauEngine\FrauEngine\FrauEngine\Src\input.h(85,24): warning C4244: '=': 'long' から 'float' への変換です。データが失われる可能性があります。 (ソース ファイルをコンパイルしています Src\FBX.cpp)
C:\Users\ryose\Desktop\GitHubClone\FrauEngine\FrauEngine\FrauEngine\Src\input.h(86,24): warning C4244: '=': 'long' から 'float' への変換です。データが失われる可能性があります。 (ソース ファイルをコンパイルしています Src\FBX.cpp)
C:\Users\ryose\Desktop\GitHubClone\FrauEngine\FrauEngine\FrauEngine\Src\input.h(87,24): warning C4244: '=': 'long' から 'float' への変換です。データが失われる可能性があります。 (ソース ファイルをコンパイルしています Src\FBX.cpp)
C:\Users\ryose\Desktop\GitHubClone\FrauEngine\FrauEngine\FrauEngine\Src\input.h(89,16): warning C4244: '=': 'long' から 'float' への変換です。データが失われる可能性があります。 (ソース ファイルをコンパイルしています Src\FBX.cpp)
C:\Users\ryose\Desktop\GitHubClone\FrauEngine\FrauEngine\FrauEngine\Src\input.h(90,16): warning C4244: '=': 'long' から 'float' への変換です。データが失われる可能性があります。 (ソース ファイルをコンパイルしています Src\FBX.cpp)
C:\Users\ryose\Desktop\GitHubClone\FrauEngine\FrauEngine\FrauEngine\Src\ImageObject.h(35,15): warning C4244: '初期化中': 'double' から 'float' への変換です。データが失われる可能性があります。 (ソース ファイルをコンパイルしています Src\CameraWork.cpp)
C:\Users\ryose\Desktop\GitHubClone\FrauEngine\FrauEngine\FrauEngine\Src\ImageObject.h(36,15): warning C4244: '初期化中': 'double' から 'float' への変換です。データが失われる可能性があります。 (ソース ファイルをコンパイルしています Src\CameraWork.cpp)
C:\Users\ryose\Desktop\GitHubClone\FrauEngine\FrauEngine\FrauEngine\Src\ImageObject.h(38,15): warning C4244: '初期化中': 'double' から 'float' への変換です。データが失われる可能性があります。 (ソース ファイルをコンパイルしています Src\CameraWork.cpp)
C:\Users\ryose\Desktop\GitHubClone\FrauEngine\FrauEngine\FrauEngine\Src\ImageObject.h(39,15): warning C4244: '初期化中': 'double' から 'float' への変換です。データが失われる可能性があります。 (ソース ファイルをコンパイルしています Src\CameraWork.cpp)
C:\Users\ryose\Desktop\GitHubClone\FrauEngine\FrauEngine\FrauEngine\Src\FBX.h(117,20): warning C4267: 'return': 'size_t' から 'int' に変換しました。データが失われているかもしれません。 (ソース ファイルをコンパイルしています Src\Application.cpp)
C:\Users\ryose\Desktop\GitHubClone\FrauEngine\FrauEngine\FrauEngine\Src\Item.h(63,1): warning C4267: 'return': 'size_t' から 'int' に変換しました。データが失われているかもしれません。 (ソース ファイルをコンパイルしています Src\CameraWork.cpp)
C:\Users\ryose\Desktop\GitHubClone\FrauEngine\FrauEngine\FrauEngine\Src\FBX.h(117,20): warning C4267: 'return': 'size_t' から 'int' に変換しました。データが失われているかもしれません。 (ソース ファイルをコンパイルしています Src\FBX.cpp)
C:\Users\ryose\Desktop\GitHubClone\FrauEngine\FrauEngine\FrauEngine\Src\FBX.cpp(551,120): warning C4244: '引数': 'T' から 'float' への変換です。データが失われる可能性があります。
          with
          [
              T=fbxsdk::FbxDouble
          ]
C:\Users\ryose\Desktop\GitHubClone\FrauEngine\FrauEngine\FrauEngine\Src\FBX.cpp(551,91): warning C4244: '引数': 'T' から 'float' への変換です。データが失われる可能性があります。
          with
          [
              T=fbxsdk::FbxDouble
          ]
C:\Users\ryose\Desktop\GitHubClone\FrauEngine\FrauEngine\FrauEngine\Src\FBX.cpp(551,62): warning C4244: '引数': 'T' から 'float' への変換です。データが失われる可能性があります。
          with
          [
              T=fbxsdk::FbxDouble
          ]
C:\Users\ryose\Desktop\GitHubClone\FrauEngine\FrauEngine\FrauEngine\Src\FBX.cpp(551,33): warning C4244: '引数': 'T' から 'float' への変換です。データが失われる可能性があります。
          with
          [
              T=fbxsdk::FbxDouble
          ]
C:\Users\ryose\Desktop\GitHubClone\FrauEngine\FrauEngine\FrauEngine\Src\FBX.cpp(550,120): warning C4244: '引数': 'T' から 'float' への変換です。データが失われる可能性があります。
          with
          [
              T=fbxsdk::FbxDouble
          ]
C:\Users\ryose\Desktop\GitHubClone\FrauEngine\FrauEngine\FrauEngine\Src\FBX.cpp(550,91): warning C4244: '引数': 'T' から 'float' への変換です。データが失われる可能性があります。
          with
          [
              T=fbxsdk::FbxDouble
          ]
C:\Users\ryose\Desktop\GitHubClone\FrauEngine\FrauEngine\FrauEngine\Src\FBX.cpp(550,62): warning C4244: '引数': 'T' から 'float' への変換です。データが失われる可能性があります。
          with
          [
              T=fbxsdk::FbxDouble
          ]
C:\Users\ryose\Desktop\GitHubClone\FrauEngine\FrauEngine\FrauEngine\Src\FBX.cpp(550,33): warning C4244: '引数': 'T' から 'float' への変換です。データが失われる可能性があります。
          with
          [
              T=fbxsdk::FbxDouble
          ]
C:\Users\ryose\Desktop\GitHubClone\FrauEngine\FrauEngine\FrauEngine\Src\FBX.cpp(549,120): warning C4244: '引数': 'T' から 'float' への変換です。データが失われる可能性があります。
          with
          [
              T=fbxsdk::FbxDouble
          ]
C:\Users\ryose\Desktop\GitHubClone\FrauEngine\FrauEngine\FrauEngine\Src\FBX.cpp(549,91): warning C4244: '引数': 'T' から 'float' への変換です。データが失われる可能性があります。
          with
          [
              T=fbxsdk::FbxDouble
          ]
C:\Users\ryose\Desktop\GitHubClone\FrauEngine\FrauEngine\FrauEngine\Src\FBX.cpp(549,62): warning C4244: '引数': 'T' から 'float' への変換です。データが失われる可能性があります。
          with
          [
              T=fbxsdk::FbxDouble
          ]
C:\Users\ryose\Desktop\GitHubClone\FrauEngine\FrauEngine\FrauEngine\Src\FBX.cpp(549,33): warning C4244: '引数': 'T' から 'float' への変換です。データが失われる可能性があります。
          with
          [
              T=fbxsdk::FbxDouble
          ]
C:\Users\ryose\Desktop\GitHubClone\FrauEngine\FrauEngine\FrauEngine\Src\FBX.cpp(548,120): warning C4244: '引数': 'T' から 'float' への変換です。データが失われる可能性があります。
          with
          [
              T=fbxsdk::FbxDouble
          ]
C:\Users\ryose\Desktop\GitHubClone\FrauEngine\FrauEngine\FrauEngine\Src\FBX.cpp(548,91): warning C4244: '引数': 'T' から 'float' への変換です。データが失われる可能性があります。
          with
          [
              T=fbxsdk::FbxDouble
          ]
C:\Users\ryose\Desktop\GitHubClone\FrauEngine\FrauEngine\FrauEngine\Src\FBX.cpp(548,62): warning C4244: '引数': 'T' から 'float' への変換です。データが失われる可能性があります。
          with
          [
              T=fbxsdk::FbxDouble
          ]
C:\Users\ryose\Desktop\GitHubClone\FrauEngine\FrauEngine\FrauEngine\Src\FBX.cpp(548,33): warning C4244: '引数': 'T' から 'float' への変換です。データが失われる可能性があります。
          with
          [
              T=fbxsdk::FbxDouble
          ]
C:\Users\ryose\Desktop\GitHubClone\FrauEngine\FrauEngine\FrauEngine\Src\FBX.cpp(632,69): warning C4244: '=': 'double' から 'float' への変換です。データが失われる可能性があります。
C:\Users\ryose\Desktop\GitHubClone\FrauEngine\FrauEngine\FrauEngine\Src\FBX.cpp(830,66): warning C4267: '引数': 'size_t' から 'UINT' に変換しました。データが失われているかもしれません。
C:\Users\ryose\Desktop\GitHubClone\FrauEngine\FrauEngine\FrauEngine\Src\DXTK.cpp(21,32): warning C4267: '初期化中': 'size_t' から 'int' に変換しました。データが失われているかもしれません。
C:\Users\ryose\Desktop\GitHubClone\FrauEngine\FrauEngine\FrauEngine\Src\DXTK.cpp(22,13): warning C4244: '初期化中': 'float' から 'int' への変換です。データが失われる可能性があります。
C:\Users\ryose\Desktop\GitHubClone\FrauEngine\FrauEngine\FrauEngine\Src\DXTK.cpp(23,13): warning C4244: '初期化中': 'float' から 'int' への変換です。データが失われる可能性があります。
C:\Users\ryose\Desktop\GitHubClone\FrauEngine\FrauEngine\FrauEngine\Src\DXTK.cpp(30,55): warning C4244: '引数': 'int' から 'float' への変換です。データが失われる可能性があります。
C:\Users\ryose\Desktop\GitHubClone\FrauEngine\FrauEngine\FrauEngine\Src\DXTK.cpp(30,39): warning C4244: '引数': 'int' から 'float' への変換です。データが失われる可能性があります。
C:\Users\ryose\Desktop\GitHubClone\FrauEngine\FrauEngine\FrauEngine\Src\DXTK.cpp(49,32): warning C4267: '初期化中': 'size_t' から 'int' に変換しました。データが失われているかもしれません。
C:\Users\ryose\Desktop\GitHubClone\FrauEngine\FrauEngine\FrauEngine\Src\DXTK.cpp(50,12): warning C4244: '初期化中': 'float' から 'int' への変換です。データが失われる可能性があります。
C:\Users\ryose\Desktop\GitHubClone\FrauEngine\FrauEngine\FrauEngine\Src\DXTK.cpp(51,12): warning C4244: '初期化中': 'float' から 'int' への変換です。データが失われる可能性があります。
C:\Users\ryose\Desktop\GitHubClone\FrauEngine\FrauEngine\FrauEngine\Src\DXTK.cpp(135,29): warning C4267: '初期化中': 'size_t' から 'int' に変換しました。データが失われているかもしれません。
C:\Users\ryose\Desktop\GitHubClone\FrauEngine\FrauEngine\FrauEngine\Src\DXTK.cpp(215,8): warning C4244: '初期化中': 'float' から 'int' への変換です。データが失われる可能性があります。
C:\Users\ryose\Desktop\GitHubClone\FrauEngine\FrauEngine\FrauEngine\Src\DXTK.cpp(216,8): warning C4244: '初期化中': 'float' から 'int' への変換です。データが失われる可能性があります。
C:\Users\ryose\Desktop\GitHubClone\FrauEngine\FrauEngine\FrauEngine\Src\DXTK.cpp(251,50): warning C4244: '引数': 'UINT' から 'float' への変換です。データが失われる可能性があります。
C:\Users\ryose\Desktop\GitHubClone\FrauEngine\FrauEngine\FrauEngine\Src\DXTK.cpp(251,38): warning C4244: '引数': 'UINT' から 'float' への変換です。データが失われる可能性があります。
C:\Users\ryose\Desktop\GitHubClone\FrauEngine\FrauEngine\FrauEngine\Src\DXTK.cpp(250,18): warning C4244: '引数': 'double' から 'float' への変換です。データが失われる可能性があります。
C:\Users\ryose\Desktop\GitHubClone\FrauEngine\FrauEngine\FrauEngine\Src\DXTK.cpp(247,15): warning C4244: '引数': 'int' から 'float' への変換です。データが失われる可能性があります。
C:\Users\ryose\Desktop\GitHubClone\FrauEngine\FrauEngine\FrauEngine\Src\DXTK.cpp(247,12): warning C4244: '引数': 'int' から 'float' への変換です。データが失われる可能性があります。
C:\Users\ryose\Desktop\GitHubClone\FrauEngine\FrauEngine\FrauEngine\Src\FBX.h(117,20): warning C4267: 'return': 'size_t' から 'int' に変換しました。データが失われているかもしれません。 (ソース ファイルをコンパイルしています Src\EventManager.cpp)
C:\Users\ryose\Desktop\GitHubClone\FrauEngine\FrauEngine\FrauEngine\Src\ImageObject.h(35,15): warning C4244: '初期化中': 'double' から 'float' への変換です。データが失われる可能性があります。 (ソース ファイルをコンパイルしています Src\EventManager.cpp)
C:\Users\ryose\Desktop\GitHubClone\FrauEngine\FrauEngine\FrauEngine\Src\ImageObject.h(36,15): warning C4244: '初期化中': 'double' から 'float' への変換です。データが失われる可能性があります。 (ソース ファイルをコンパイルしています Src\EventManager.cpp)
C:\Users\ryose\Desktop\GitHubClone\FrauEngine\FrauEngine\FrauEngine\Src\ImageObject.h(38,15): warning C4244: '初期化中': 'double' から 'float' への変換です。データが失われる可能性があります。 (ソース ファイルをコンパイルしています Src\EventManager.cpp)
C:\Users\ryose\Desktop\GitHubClone\FrauEngine\FrauEngine\FrauEngine\Src\ImageObject.h(39,15): warning C4244: '初期化中': 'double' から 'float' への変換です。データが失われる可能性があります。 (ソース ファイルをコンパイルしています Src\EventManager.cpp)
C:\Users\ryose\Desktop\GitHubClone\FrauEngine\FrauEngine\FrauEngine\Src\Item.h(63,1): warning C4267: 'return': 'size_t' から 'int' に変換しました。データが失われているかもしれません。 (ソース ファイルをコンパイルしています Src\EventManager.cpp)
C:\Users\ryose\Desktop\GitHubClone\FrauEngine\FrauEngine\FrauEngine\Src\FBX.h(117,20): warning C4267: 'return': 'size_t' から 'int' に変換しました。データが失われているかもしれません。 (ソース ファイルをコンパイルしています Src\EndrollScene.cpp)
C:\Users\ryose\Desktop\GitHubClone\FrauEngine\FrauEngine\FrauEngine\Src\Shop.h(60,25): warning C4305: '初期化中': 'double' から 'const float' へ切り詰めます。 (ソース ファイルをコンパイルしています Src\EventManager.cpp)
C:\Users\ryose\Desktop\GitHubClone\FrauEngine\FrauEngine\FrauEngine\Src\EventManager.cpp(26,41): warning C4305: '引数': 'double' から 'float' へ切り詰めます。
C:\Users\ryose\Desktop\GitHubClone\FrauEngine\FrauEngine\FrauEngine\Src\ImageObject.h(35,15): warning C4244: '初期化中': 'double' から 'float' への変換です。データが失われる可能性があります。 (ソース ファイルをコンパイルしています Src\EndrollScene.cpp)
C:\Users\ryose\Desktop\GitHubClone\FrauEngine\FrauEngine\FrauEngine\Src\ImageObject.h(36,15): warning C4244: '初期化中': 'double' から 'float' への変換です。データが失われる可能性があります。 (ソース ファイルをコンパイルしています Src\EndrollScene.cpp)
C:\Users\ryose\Desktop\GitHubClone\FrauEngine\FrauEngine\FrauEngine\Src\ImageObject.h(38,15): warning C4244: '初期化中': 'double' から 'float' への変換です。データが失われる可能性があります。 (ソース ファイルをコンパイルしています Src\EndrollScene.cpp)
C:\Users\ryose\Desktop\GitHubClone\FrauEngine\FrauEngine\FrauEngine\Src\ImageObject.h(39,15): warning C4244: '初期化中': 'double' から 'float' への変換です。データが失われる可能性があります。 (ソース ファイルをコンパイルしています Src\EndrollScene.cpp)
C:\Users\ryose\Desktop\GitHubClone\FrauEngine\FrauEngine\FrauEngine\Src\Item.h(63,1): warning C4267: 'return': 'size_t' から 'int' に変換しました。データが失われているかもしれません。 (ソース ファイルをコンパイルしています Src\EndrollScene.cpp)
C:\Users\ryose\Desktop\GitHubClone\FrauEngine\FrauEngine\FrauEngine\Src\Shop.h(60,25): warning C4305: '初期化中': 'double' から 'const float' へ切り詰めます。 (ソース ファイルをコンパイルしています Src\EndrollScene.cpp)
  GallaryPlayer.cpp
  GallaryScene.cpp
C:\Users\ryose\Desktop\GitHubClone\FrauEngine\FrauEngine\FrauEngine\Src\EndrollScene.cpp(72,20): warning C4018: '<': signed と unsigned の数値を比較しようとしました。
  GameMathLib.cpp
C:\Users\ryose\Desktop\GitHubClone\FrauEngine\FrauEngine\FrauEngine\Src\ImageObject.h(35,15): warning C4244: '初期化中': 'double' から 'float' への変換です。データが失われる可能性があります。 (ソース ファイルをコンパイルしています Src\Fade.cpp)
C:\Users\ryose\Desktop\GitHubClone\FrauEngine\FrauEngine\FrauEngine\Src\ImageObject.h(36,15): warning C4244: '初期化中': 'double' から 'float' への変換です。データが失われる可能性があります。 (ソース ファイルをコンパイルしています Src\Fade.cpp)
C:\Users\ryose\Desktop\GitHubClone\FrauEngine\FrauEngine\FrauEngine\Src\ImageObject.h(38,15): warning C4244: '初期化中': 'double' から 'float' への変換です。データが失われる可能性があります。 (ソース ファイルをコンパイルしています Src\Fade.cpp)
C:\Users\ryose\Desktop\GitHubClone\FrauEngine\FrauEngine\FrauEngine\Src\ImageObject.h(39,15): warning C4244: '初期化中': 'double' から 'float' への変換です。データが失われる可能性があります。 (ソース ファイルをコンパイルしています Src\Fade.cpp)
  HandyShopScene.cpp
  HandyShop.cpp
C:\Users\ryose\Desktop\GitHubClone\FrauEngine\FrauEngine\FrauEngine\Src\GameMathLib.cpp(48,15): warning C4244: 'return': 'int' から 'float' への変換です。データが失われる可能性があります。
C:\Users\ryose\Desktop\GitHubClone\FrauEngine\FrauEngine\FrauEngine\Src\GameMathLib.cpp(54,13): warning C4244: '初期化中': 'double' から 'float' への変換です。データが失われる可能性があります。
C:\Users\ryose\Desktop\GitHubClone\FrauEngine\FrauEngine\FrauEngine\Src\GameMathLib.cpp(66,13): warning C4244: '初期化中': 'double' から 'float' への変換です。データが失われる可能性があります。
C:\Users\ryose\Desktop\GitHubClone\FrauEngine\FrauEngine\FrauEngine\Src\GameMathLib.cpp(84,21): warning C4244: '初期化中': 'int' から 'float' への変換です。データが失われる可能性があります。
C:\Users\ryose\Desktop\GitHubClone\FrauEngine\FrauEngine\FrauEngine\Src\GameMathLib.cpp(85,21): warning C4244: '初期化中': 'int' から 'float' への変換です。データが失われる可能性があります。
C:\Users\ryose\Desktop\GitHubClone\FrauEngine\FrauEngine\FrauEngine\Src\GameMathLib.cpp(89,15): warning C4244: '初期化中': 'double' から 'float' への変換です。データが失われる可能性があります。
C:\Users\ryose\Desktop\GitHubClone\FrauEngine\FrauEngine\FrauEngine\Src\GameMathLib.cpp(90,9): warning C4101: 'returnAngle': ローカル変数は 1 度も使われていません。
C:\Users\ryose\Desktop\GitHubClone\FrauEngine\FrauEngine\FrauEngine\Src\GameMathLib.cpp(137,21): warning C4244: '初期化中': 'int' から 'float' への変換です。データが失われる可能性があります。
C:\Users\ryose\Desktop\GitHubClone\FrauEngine\FrauEngine\FrauEngine\Src\GameMathLib.cpp(138,21): warning C4244: '初期化中': 'int' から 'float' への変換です。データが失われる可能性があります。
C:\Users\ryose\Desktop\GitHubClone\FrauEngine\FrauEngine\FrauEngine\Src\GameMathLib.cpp(141,15): warning C4244: '初期化中': 'double' から 'float' への変換です。データが失われる可能性があります。
C:\Users\ryose\Desktop\GitHubClone\FrauEngine\FrauEngine\FrauEngine\Src\GameMathLib.cpp(202,17): warning C4244: '=': 'int' から 'float' への変換です。データが失われる可能性があります。
C:\Users\ryose\Desktop\GitHubClone\FrauEngine\FrauEngine\FrauEngine\Src\GameMathLib.cpp(203,17): warning C4244: '=': 'int' から 'float' への変換です。データが失われる可能性があります。
C:\Users\ryose\Desktop\GitHubClone\FrauEngine\FrauEngine\FrauEngine\Src\GameMathLib.cpp(209,13): warning C4244: 'return': 'double' から 'float' への変換です。データが失われる可能性があります。
C:\Users\ryose\Desktop\GitHubClone\FrauEngine\FrauEngine\FrauEngine\Src\GameMathLib.cpp(213,14): warning C4244: 'return': 'double' から 'float' への変換です。データが失われる可能性があります。
C:\Users\ryose\Desktop\GitHubClone\FrauEngine\FrauEngine\FrauEngine\Src\GameMathLib.cpp(216,14): warning C4244: 'return': 'double' から 'float' への変換です。データが失われる可能性があります。
C:\Users\ryose\Desktop\GitHubClone\FrauEngine\FrauEngine\FrauEngine\Src\GameMathLib.cpp(419,8): warning C4101: 'rect': ローカル変数は 1 度も使われていません。
  ImageObject.cpp
